#
# A fatal error has been detected by the Java Runtime Environment:
#
#  SIGSEGV (0xb) at pc=0x0000003d72876dd6, pid=14065, tid=140678995302144
#
# JRE version: 6.0_30-b30
# Java VM: OpenJDK 64-Bit Server VM (23.25-b01 mixed mode linux-amd64 compressed oops)
# Problematic frame:
# C  [libgdk-x11-2.0.so.0+0x76dd6]  gdk_window_enable_synchronized_configure+0x16
#
# Failed to write core dump. Core dumps have been disabled. To enable core dumping, try "ulimit -c unlimited" before starting Java again
#
# If you would like to submit a bug report, please include
# instructions how to reproduce the bug and visit:
#   http://icedtea.classpath.org/bugzilla
# The crash happened outside the Java Virtual Machine in native code.
# See problematic frame for where to report the bug.
#

---------------  T H R E A D  ---------------

Current thread (0x00007ff25c009000):  JavaThread "main" [_thread_in_native, id=14066, stack(0x00007ff2617ad000,0x00007ff2618ae000)]

siginfo:si_signo=SIGSEGV: si_errno=0, si_code=1 (SEGV_MAPERR), si_addr=0x0000000000000018

Registers:
RAX=0x0000000000000000, RBX=0x00007ff25c229060, RCX=0x00007ff2618ad700, RDX=0x0000000000000000
RSP=0x00007ff2618abc70, RBP=0x00007ff25c229060, RSI=0x0000000000000000, RDI=0x0000000000000000
R8 =0x00007ff25c236c50, R9 =0x0000000000000001, R10=0x00007ff2618aba10, R11=0x0000003d72876dc0
R12=0x0000000000000000, R13=0x00007ff2618abcc0, R14=0x0000000000000000, R15=0x0000000000000260
RIP=0x0000003d72876dd6, EFLAGS=0x0000000000010202, CSGSFS=0x0000000000000033, ERR=0x0000000000000004
  TRAPNO=0x000000000000000e

Top of Stack: (sp=0x00007ff2618abc70)
0x00007ff2618abc70:   00007ff25c229060 00007ff25c229060
0x00007ff2618abc80:   00007ff25c229150 0000003d71e9bee2
0x00007ff2618abc90:   0000000000001600 0000000000000001
0x00007ff2618abca0:   0000000000000000 0000003d71e820b0
0x00007ff2618abcb0:   00007ff25c22e010 0000003d71e87372
0x00007ff2618abcc0:   00007ff25c233db0 00007ff20000fc02
0x00007ff2618abcd0:   0000017f5c229060 0000000000000125
0x00007ff2618abce0:   0000000000000000 0000000000000000
0x00007ff2618abcf0:   0000000000000001 0000003a4a42a628
0x00007ff2618abd00:   00007ff25c227cf0 00007ff25c227c20
0x00007ff2618abd10:   000000005c271720 0000003a4a42a628
0x00007ff2618abd20:   0000000000000001 0000003a4a433455
0x00007ff2618abd30:   00007ff25c271720 0000003d71e9bd00
0x00007ff2618abd40:   00007ff25c271720 00007ff25c277120
0x00007ff2618abd50:   0000000000000000 00007ff25c271720
0x00007ff2618abd60:   0000000000000001 00007ff2618abeb0
0x00007ff2618abd70:   0000000000000000 0000003a4a40e2fe
0x00007ff2618abd80:   0000000040008002 00007ff25c283b50
0x00007ff2618abd90:   0000003d7280a193 0000003a4a403cb8
0x00007ff2618abda0:   0000003d00008001 00007ff25c218130
0x00007ff2618abdb0:   0000000040008002 0000003f9e80a7b0
0x00007ff2618abdc0:   0000003a4a303cc0 00007ff25c218130
0x00007ff2618abdd0:   0000000000000000 00007ff25c217c00
0x00007ff2618abde0:   0000000000000000 0000003f9e80a7b0
0x00007ff2618abdf0:   0000003a4a303cc0 0000000000000001
0x00007ff2618abe00:   00007ff25c227cc8 0000003a4a423f68
0x00007ff2618abe10:   0000000000000005 0000002000000000
0x00007ff2618abe20:   00007ff25c227cc8 00007ff2618abed0
0x00007ff2618abe30:   00007ff2618abeb0 00007ff25c271720
0x00007ff2618abe40:   000000005c218130 0000000000000000
0x00007ff2618abe50:   00007ff2618abef0 00007ff25c229060
0x00007ff2618abe60:   0100000000000000 000000000000000b 

Instructions: (pc=0x0000003d72876dd6)
0x0000003d72876db6:   fa ff e9 3f fc ff ff 0f 1f 00 48 89 6c 24 f0 4c
0x0000003d72876dc6:   89 64 24 f8 49 89 fc 48 89 5c 24 e8 48 83 ec 18
0x0000003d72876dd6:   48 8b 5f 18 e8 71 dc ff ff 48 89 c5 48 85 db 74
0x0000003d72876de6:   1c 48 8b 03 48 85 c0 74 05 48 3b 28 74 2c 48 89 

Register to memory mapping:

RAX=0x0000000000000000 is an unknown value
RBX=0x00007ff25c229060 is an unknown value
RCX=0x00007ff2618ad700 is pointing into the stack for thread: 0x00007ff25c009000
RDX=0x0000000000000000 is an unknown value
RSP=0x00007ff2618abc70 is pointing into the stack for thread: 0x00007ff25c009000
RBP=0x00007ff25c229060 is an unknown value
RSI=0x0000000000000000 is an unknown value
RDI=0x0000000000000000 is an unknown value
R8 =0x00007ff25c236c50 is an unknown value
R9 =0x0000000000000001 is an unknown value
R10=0x00007ff2618aba10 is pointing into the stack for thread: 0x00007ff25c009000
R11=0x0000003d72876dc0: gdk_window_enable_synchronized_configure+0 in /usr/lib64/libgdk-x11-2.0.so.0 at 0x0000003d72800000
R12=0x0000000000000000 is an unknown value
R13=0x00007ff2618abcc0 is pointing into the stack for thread: 0x00007ff25c009000
R14=0x0000000000000000 is an unknown value
R15=0x0000000000000260 is an unknown value


Stack: [0x00007ff2617ad000,0x00007ff2618ae000],  sp=0x00007ff2618abc70,  free space=1019k
Native frames: (J=compiled Java code, j=interpreted, Vv=VM code, C=native code)
C  [libgdk-x11-2.0.so.0+0x76dd6]  gdk_window_enable_synchronized_configure+0x16

Java frames: (J=compiled Java code, j=interpreted, Vv=VM code)
j  org.eclipse.equinox.launcher.JNIBridge._show_splash(Ljava/lang/String;)V+0
j  org.eclipse.equinox.launcher.JNIBridge.showSplash(Ljava/lang/String;)Z+2
j  org.eclipse.equinox.launcher.Main.handleSplash([Ljava/net/URL;)V+157
j  org.eclipse.equinox.launcher.Main.basicRun([Ljava/lang/String;)V+116
j  org.eclipse.equinox.launcher.Main.run([Ljava/lang/String;)I+4
j  org.eclipse.equinox.launcher.Main.main([Ljava/lang/String;)V+10
v  ~StubRoutines::call_stub

---------------  P R O C E S S  ---------------

Java Threads: ( => current thread )
  0x00007ff25c103000 JavaThread "Low Memory Detector" daemon [_thread_blocked, id=14081, stack(0x00007ff24f2f3000,0x00007ff24f3f4000)]
  0x00007ff25c100800 JavaThread "C2 CompilerThread1" daemon [_thread_blocked, id=14080, stack(0x00007ff24f3f4000,0x00007ff24f4f5000)]
  0x00007ff25c0fe000 JavaThread "C2 CompilerThread0" daemon [_thread_blocked, id=14079, stack(0x00007ff24f4f5000,0x00007ff24f5f6000)]
  0x00007ff25c0fb800 JavaThread "Signal Dispatcher" daemon [_thread_blocked, id=14078, stack(0x00007ff24f5f6000,0x00007ff24f6f7000)]
  0x00007ff25c0ac800 JavaThread "Finalizer" daemon [_thread_blocked, id=14077, stack(0x00007ff24f6f7000,0x00007ff24f7f8000)]
  0x00007ff25c0aa800 JavaThread "Reference Handler" daemon [_thread_blocked, id=14076, stack(0x00007ff24f7f8000,0x00007ff24f8f9000)]
=>0x00007ff25c009000 JavaThread "main" [_thread_in_native, id=14066, stack(0x00007ff2617ad000,0x00007ff2618ae000)]

Other Threads:
  0x00007ff25c09b800 VMThread [stack: 0x00007ff24f8f9000,0x00007ff24f9fa000] [id=14075]
  0x00007ff25c10e000 WatcherThread [stack: 0x00007ff24f1f2000,0x00007ff24f2f3000] [id=14082]

VM state:not at safepoint (normal execution)

VM Mutex/Monitor currently owned by a thread: None

Heap
 PSYoungGen      total 74368K, used 2549K [0x00000000eaab0000, 0x00000000efdb0000, 0x0000000100000000)
  eden space 63744K, 4% used [0x00000000eaab0000,0x00000000ead2d7e0,0x00000000ee8f0000)
  from space 10624K, 0% used [0x00000000ef350000,0x00000000ef350000,0x00000000efdb0000)
  to   space 10624K, 0% used [0x00000000ee8f0000,0x00000000ee8f0000,0x00000000ef350000)
 ParOldGen       total 170112K, used 0K [0x00000000c0000000, 0x00000000ca620000, 0x00000000eaab0000)
  object space 170112K, 0% used [0x00000000c0000000,0x00000000c0000000,0x00000000ca620000)
 PSPermGen       total 21248K, used 4488K [0x00000000b8000000, 0x00000000b94c0000, 0x00000000c0000000)
  object space 21248K, 21% used [0x00000000b8000000,0x00000000b84621c0,0x00000000b94c0000)

Card table byte_map: [0x00007ff258dbf000,0x00007ff259000000] byte_map_base: 0x00007ff2587ff000

Polling page: 0x00007ff2617ab000

Code Cache  [0x00007ff259000000, 0x00007ff259270000, 0x00007ff25c000000)
 total_blobs=210 nmethods=12 adapters=152 free_code_cache=48740Kb largest_free_block=49882432

Compilation events (10 events):
Event: 0.193 Thread 0x00007ff25c0fe000 nmethod 7 0x00007ff259064350 code [0x00007ff259064480, 0x00007ff2590644f8]
Event: 0.206 Thread 0x00007ff25c0fe000    8             java.lang.Integer::reverseBytes (26 bytes)
Event: 0.207 Thread 0x00007ff25c0fe000 nmethod 8 0x00007ff259062fd0 code [0x00007ff259063100, 0x00007ff259063178]
Event: 0.214 Thread 0x00007ff25c100800 nmethod 5 0x00007ff259067190 code [0x00007ff259067300, 0x00007ff259067ce8]
Event: 0.224 Thread 0x00007ff25c0fe000   10             sun.nio.cs.UTF_8$Decoder::decodeArrayLoop (553 bytes)
Event: 0.232 Thread 0x00007ff25c100800   11             java.lang.String::charAt (33 bytes)
Event: 0.232 Thread 0x00007ff25c100800 nmethod 11 0x00007ff2590685d0 code [0x00007ff259068720, 0x00007ff2590687d8]
Event: 0.239 Thread 0x00007ff25c100800   12             java.lang.Object::<init> (1 bytes)
Event: 0.240 Thread 0x00007ff25c0fe000 nmethod 10 0x00007ff25906c250 code [0x00007ff25906c480, 0x00007ff25906cf58]
Event: 0.240 Thread 0x00007ff25c100800 nmethod 12 0x00007ff259068390 code [0x00007ff2590684c0, 0x00007ff259068538]

GC Heap History (0 events):
No events

Deoptimization events (3 events):
Event: 0.227 Thread 0x00007ff25c009000 Uncommon trap -34 fr.pc 0x00007ff259061cb0
Event: 0.227 Thread 0x00007ff25c009000 Uncommon trap -34 fr.pc 0x00007ff259061cb0
Event: 0.227 Thread 0x00007ff25c009000 Uncommon trap -34 fr.pc 0x00007ff259061cb0

Internal exceptions (10 events):
Event: 0.100 Thread 0x00007ff25c009000 Threw 0x00000000eab02a10 at /builddir/build/BUILD/icedtea6-1.13.1/openjdk/hotspot/src/share/vm/prims/jvm.cpp:1235
Event: 0.217 Thread 0x00007ff25c009000 Threw 0x00000000eabeecf0 at /builddir/build/BUILD/icedtea6-1.13.1/openjdk/hotspot/src/share/vm/classfile/systemDictionary.cpp:179
Event: 0.217 Thread 0x00007ff25c009000 Threw 0x00000000eabef078 at /builddir/build/BUILD/icedtea6-1.13.1/openjdk/hotspot/src/share/vm/prims/jvm.cpp:1235
Event: 0.219 Thread 0x00007ff25c009000 Threw 0x00000000eabf38b8 at /builddir/build/BUILD/icedtea6-1.13.1/openjdk/hotspot/src/share/vm/classfile/systemDictionary.cpp:179
Event: 0.219 Thread 0x00007ff25c009000 Threw 0x00000000eabf3c50 at /builddir/build/BUILD/icedtea6-1.13.1/openjdk/hotspot/src/share/vm/prims/jvm.cpp:1235
Event: 0.223 Thread 0x00007ff25c009000 Threw 0x00000000eabf8408 at /builddir/build/BUILD/icedtea6-1.13.1/openjdk/hotspot/src/share/vm/classfile/systemDictionary.cpp:179
Event: 0.223 Thread 0x00007ff25c009000 Threw 0x00000000eabf8790 at /builddir/build/BUILD/icedtea6-1.13.1/openjdk/hotspot/src/share/vm/prims/jvm.cpp:1235
Event: 0.232 Thread 0x00007ff25c009000 Threw 0x00000000eac15e18 at /builddir/build/BUILD/icedtea6-1.13.1/openjdk/hotspot/src/share/vm/classfile/systemDictionary.cpp:179
Event: 0.232 Thread 0x00007ff25c009000 Threw 0x00000000eac16178 at /builddir/build/BUILD/icedtea6-1.13.1/openjdk/hotspot/src/share/vm/prims/jvm.cpp:1235
Event: 0.242 Thread 0x00007ff25c009000 Threw 0x00000000eac42730 at /builddir/build/BUILD/icedtea6-1.13.1/openjdk/hotspot/src/share/vm/prims/nativeLookup.cpp:376

Events (10 events):
Event: 0.234 loading class 0x00007ff25c0d34b0
Event: 0.234 loading class 0x00007ff25c0d34b0 done
Event: 0.234 loading class 0x00007ff25c1eed40
Event: 0.234 loading class 0x00007ff25c1eed40 done
Event: 0.234 loading class 0x00007ff25c09f7c0
Event: 0.235 loading class 0x00007ff25c09f7c0 done
Event: 0.235 loading class 0x00007ff25c0db6f0
Event: 0.235 loading class 0x00007ff25c0db6f0 done
Event: 0.235 loading class 0x00007ff25c1620b0
Event: 0.235 loading class 0x00007ff25c1620b0 done


Dynamic libraries:
00400000-00409000 r-xp 00000000 08:01 15337954                           /usr/lib/jvm/java-1.6.0-openjdk-1.6.0.0.x86_64/jre/bin/java
00608000-0060a000 rw-p 00008000 08:01 15337954                           /usr/lib/jvm/java-1.6.0-openjdk-1.6.0.0.x86_64/jre/bin/java
00dc5000-00de6000 rw-p 00000000 00:00 0                                  [heap]
b8000000-b94c0000 rw-p 00000000 00:00 0 
b94c0000-c0000000 rw-p 00000000 00:00 0 
c0000000-ca620000 rw-p 00000000 00:00 0 
ca620000-eaab0000 rw-p 00000000 00:00 0 
eaab0000-efdb0000 rw-p 00000000 00:00 0 
efdb0000-100000000 rw-p 00000000 00:00 0 
3092c00000-3092d0b000 r-xp 00000000 08:01 19005839                       /lib64/libgio-2.0.so.0.2600.1
3092d0b000-3092f0b000 ---p 0010b000 08:01 19005839                       /lib64/libgio-2.0.so.0.2600.1
3092f0b000-3092f10000 rw-p 0010b000 08:01 19005839                       /lib64/libgio-2.0.so.0.2600.1
3092f10000-3092f11000 rw-p 00000000 00:00 0 
3093000000-3093025000 r-xp 00000000 08:01 14553186                       /usr/lib64/libpng12.so.0.49.0
3093025000-3093225000 ---p 00025000 08:01 14553186                       /usr/lib64/libpng12.so.0.49.0
3093225000-3093226000 rw-p 00025000 08:01 14553186                       /usr/lib64/libpng12.so.0.49.0
3093800000-309381e000 r-xp 00000000 08:01 14557749                       /usr/lib64/libgdk_pixbuf-2.0.so.0.2000.1
309381e000-3093a1e000 ---p 0001e000 08:01 14557749                       /usr/lib64/libgdk_pixbuf-2.0.so.0.2000.1
3093a1e000-3093a1f000 rw-p 0001e000 08:01 14557749                       /usr/lib64/libgdk_pixbuf-2.0.so.0.2000.1
32cfc00000-32cfc15000 r-xp 00000000 08:01 19005489                       /lib64/libz.so.1.2.3
32cfc15000-32cfe14000 ---p 00015000 08:01 19005489                       /lib64/libz.so.1.2.3
32cfe14000-32cfe15000 r--p 00014000 08:01 19005489                       /lib64/libz.so.1.2.3
32cfe15000-32cfe16000 rw-p 00015000 08:01 19005489                       /lib64/libz.so.1.2.3
3318200000-3318204000 r-xp 00000000 08:01 15338135                       /usr/lib/jvm/java-1.6.0-openjdk-1.6.0.0.x86_64/jre/lib/amd64/jli/libjli.so
3318204000-3318403000 ---p 00004000 08:01 15338135                       /usr/lib/jvm/java-1.6.0-openjdk-1.6.0.0.x86_64/jre/lib/amd64/jli/libjli.so
3318403000-3318404000 rw-p 00003000 08:01 15338135                       /usr/lib/jvm/java-1.6.0-openjdk-1.6.0.0.x86_64/jre/lib/amd64/jli/libjli.so
3a4a000000-3a4a103000 r-xp 00000000 08:01 19005703                       /lib64/libglib-2.0.so.0.2600.1
3a4a103000-3a4a303000 ---p 00103000 08:01 19005703                       /lib64/libglib-2.0.so.0.2600.1
3a4a303000-3a4a304000 rw-p 00103000 08:01 19005703                       /lib64/libglib-2.0.so.0.2600.1
3a4a304000-3a4a305000 rw-p 00000000 00:00 0 
3a4a400000-3a4a44a000 r-xp 00000000 08:01 19005535                       /lib64/libgobject-2.0.so.0.2600.1
3a4a44a000-3a4a649000 ---p 0004a000 08:01 19005535                       /lib64/libgobject-2.0.so.0.2600.1
3a4a649000-3a4a64b000 rw-p 00049000 08:01 19005535                       /lib64/libgobject-2.0.so.0.2600.1
3a4a64b000-3a4a64c000 rw-p 00000000 00:00 0 
3a4a800000-3a4a804000 r-xp 00000000 08:01 19005529                       /lib64/libgthread-2.0.so.0.2600.1
3a4a804000-3a4aa03000 ---p 00004000 08:01 19005529                       /lib64/libgthread-2.0.so.0.2600.1
3a4aa03000-3a4aa04000 rw-p 00003000 08:01 19005529                       /lib64/libgthread-2.0.so.0.2600.1
3a4ac00000-3a4ac03000 r-xp 00000000 08:01 19005533                       /lib64/libgmodule-2.0.so.0.2600.1
3a4ac03000-3a4ae02000 ---p 00003000 08:01 19005533                       /lib64/libgmodule-2.0.so.0.2600.1
3a4ae02000-3a4ae03000 rw-p 00002000 08:01 19005533                       /lib64/libgmodule-2.0.so.0.2600.1
3a4bc00000-3a4bc48000 r-xp 00000000 08:01 14552582                       /usr/lib64/libpango-1.0.so.0.2800.1
3a4bc48000-3a4be48000 ---p 00048000 08:01 14552582                       /usr/lib64/libpango-1.0.so.0.2800.1
3a4be48000-3a4be4b000 rw-p 00048000 08:01 14552582                       /usr/lib64/libpango-1.0.so.0.2800.1
3a4c800000-3a4c81e000 r-xp 00000000 08:01 14557753                       /usr/lib64/libatk-1.0.so.0.3009.1
3a4c81e000-3a4ca1e000 ---p 0001e000 08:01 14557753                       /usr/lib64/libatk-1.0.so.0.3009.1
3a4ca1e000-3a4ca21000 rw-p 0001e000 08:01 14557753                       /usr/lib64/libatk-1.0.so.0.3009.1
3a4d000000-3a4d029000 r-xp 00000000 08:01 14557747                       /usr/lib64/libpangoft2-1.0.so.0.2800.1
3a4d029000-3a4d228000 ---p 00029000 08:01 14557747                       /usr/lib64/libpangoft2-1.0.so.0.2800.1
3a4d228000-3a4d22a000 rw-p 00028000 08:01 14557747                       /usr/lib64/libpangoft2-1.0.so.0.2800.1
3d71400000-3d71476000 r-xp 00000000 08:01 14549153                       /usr/lib64/libcairo.so.2.10800.8
3d71476000-3d71676000 ---p 00076000 08:01 14549153                       /usr/lib64/libcairo.so.2.10800.8
3d71676000-3d71679000 rw-p 00076000 08:01 14549153                       /usr/lib64/libcairo.so.2.10800.8
3d71800000-3d71883000 r-xp 00000000 08:01 14549152                       /usr/lib64/libpixman-1.so.0.26.2
3d71883000-3d71a82000 ---p 00083000 08:01 14549152                       /usr/lib64/libpixman-1.so.0.26.2
3d71a82000-3d71a88000 rw-p 00082000 08:01 14549152                       /usr/lib64/libpixman-1.so.0.26.2
3d71c00000-3d7206a000 r-xp 00000000 08:01 14549697                       /usr/lib64/libgtk-x11-2.0.so.0.2000.1
3d7206a000-3d72269000 ---p 0046a000 08:01 14549697                       /usr/lib64/libgtk-x11-2.0.so.0.2000.1
3d72269000-3d72274000 rw-p 00469000 08:01 14549697                       /usr/lib64/libgtk-x11-2.0.so.0.2000.1
3d72274000-3d72276000 rw-p 00000000 00:00 0 
3d72400000-3d7240b000 r-xp 00000000 08:01 14549154                       /usr/lib64/libpangocairo-1.0.so.0.2800.1
3d7240b000-3d7260b000 ---p 0000b000 08:01 14549154                       /usr/lib64/libpangocairo-1.0.so.0.2800.1
3d7260b000-3d7260c000 rw-p 0000b000 08:01 14549154                       /usr/lib64/libpangocairo-1.0.so.0.2800.1
3d72800000-3d728b6000 r-xp 00000000 08:01 14549159                       /usr/lib64/libgdk-x11-2.0.so.0.2000.1
3d728b6000-3d72ab6000 ---p 000b6000 08:01 14549159                       /usr/lib64/libgdk-x11-2.0.so.0.2000.1
3d72ab6000-3d72abb000 rw-p 000b6000 08:01 14549159                       /usr/lib64/libgdk-x11-2.0.so.0.2000.1
3f9dc00000-3f9dc20000 r-xp 00000000 08:01 19005841                       /lib64/ld-2.12.so
3f9de1f000-3f9de20000 r--p 0001f000 08:01 19005841                       /lib64/ld-2.12.so
3f9de20000-3f9de21000 rw-p 00020000 08:01 19005841                       /lib64/ld-2.12.so
3f9de21000-3f9de22000 rw-p 00000000 00:00 0 
3f9e000000-3f9e18b000 r-xp 00000000 08:01 19005853                       /lib64/libc-2.12.so
3f9e18b000-3f9e38a000 ---p 0018b000 08:01 19005853                       /lib64/libc-2.12.so
3f9e38a000-3f9e38e000 r--p 0018a000 08:01 19005853                       /lib64/libc-2.12.so
3f9e38e000-3f9e38f000 rw-p 0018e000 08:01 19005853                       /lib64/libc-2.12.so
3f9e38f000-3f9e394000 rw-p 00000000 00:00 0 
3f9e400000-3f9e402000 r-xp 00000000 08:01 19005856                       /lib64/libdl-2.12.so
3f9e402000-3f9e602000 ---p 00002000 08:01 19005856                       /lib64/libdl-2.12.so
3f9e602000-3f9e603000 r--p 00002000 08:01 19005856                       /lib64/libdl-2.12.so
3f9e603000-3f9e604000 rw-p 00003000 08:01 19005856                       /lib64/libdl-2.12.so
3f9e800000-3f9e817000 r-xp 00000000 08:01 19005854                       /lib64/libpthread-2.12.so
3f9e817000-3f9ea17000 ---p 00017000 08:01 19005854                       /lib64/libpthread-2.12.so
3f9ea17000-3f9ea18000 r--p 00017000 08:01 19005854                       /lib64/libpthread-2.12.so
3f9ea18000-3f9ea19000 rw-p 00018000 08:01 19005854                       /lib64/libpthread-2.12.so
3f9ea19000-3f9ea1d000 rw-p 00000000 00:00 0 
3f9ec00000-3f9ec83000 r-xp 00000000 08:01 19005777                       /lib64/libm-2.12.so
3f9ec83000-3f9ee82000 ---p 00083000 08:01 19005777                       /lib64/libm-2.12.so
3f9ee82000-3f9ee83000 r--p 00082000 08:01 19005777                       /lib64/libm-2.12.so
3f9ee83000-3f9ee84000 rw-p 00083000 08:01 19005777                       /lib64/libm-2.12.so
3f9f000000-3f9f007000 r-xp 00000000 08:01 19005869                       /lib64/librt-2.12.so
3f9f007000-3f9f206000 ---p 00007000 08:01 19005869                       /lib64/librt-2.12.so
3f9f206000-3f9f207000 r--p 00006000 08:01 19005869                       /lib64/librt-2.12.so
3f9f207000-3f9f208000 rw-p 00007000 08:01 19005869                       /lib64/librt-2.12.so
3f9f800000-3f9f81d000 r-xp 00000000 08:01 19005859                       /lib64/libselinux.so.1
3f9f81d000-3f9fa1c000 ---p 0001d000 08:01 19005859                       /lib64/libselinux.so.1
3f9fa1c000-3f9fa1d000 r--p 0001c000 08:01 19005859                       /lib64/libselinux.so.1
3f9fa1d000-3f9fa1e000 rw-p 0001d000 08:01 19005859                       /lib64/libselinux.so.1
3f9fa1e000-3f9fa1f000 rw-p 00000000 00:00 0 
3fa0000000-3fa0016000 r-xp 00000000 08:01 19005858                       /lib64/libresolv-2.12.so
3fa0016000-3fa0216000 ---p 00016000 08:01 19005858                       /lib64/libresolv-2.12.so
3fa0216000-3fa0217000 r--p 00016000 08:01 19005858                       /lib64/libresolv-2.12.so
3fa0217000-3fa0218000 rw-p 00017000 08:01 19005858                       /lib64/libresolv-2.12.so
3fa0218000-3fa021a000 rw-p 00000000 00:00 0 
3fa1000000-3fa101d000 r-xp 00000000 08:01 14553423                       /usr/lib64/libxcb.so.1.1.0
3fa101d000-3fa121d000 ---p 0001d000 08:01 14553423                       /usr/lib64/libxcb.so.1.1.0
3fa121d000-3fa121e000 rw-p 0001d000 08:01 14553423                       /usr/lib64/libxcb.so.1.1.0
3fa1400000-3fa1537000 r-xp 00000000 08:01 14556328                       /usr/lib64/libX11.so.6.3.0
3fa1537000-3fa1737000 ---p 00137000 08:01 14556328                       /usr/lib64/libX11.so.6.3.0
3fa1737000-3fa173d000 rw-p 00137000 08:01 14556328                       /usr/lib64/libX11.so.6.3.0
3fa1800000-3fa1802000 r-xp 00000000 08:01 14552893                       /usr/lib64/libXau.so.6.0.0
3fa1802000-3fa1a02000 ---p 00002000 08:01 14552893                       /usr/lib64/libXau.so.6.0.0
3fa1a02000-3fa1a03000 rw-p 00002000 08:01 14552893                       /usr/lib64/libXau.so.6.0.0
3fa2400000-3fa2412000 r-xp 00000000 08:01 14557748                       /usr/lib64/libXext.so.6.4.0
3fa2412000-3fa2612000 ---p 00012000 08:01 14557748                       /usr/lib64/libXext.so.6.4.0
3fa2612000-3fa2613000 rw-p 00012000 08:01 14557748                       /usr/lib64/libXext.so.6.4.0
3fa2800000-3fa2826000 r-xp 00000000 08:01 19005897                       /lib64/libexpat.so.1.5.2
3fa2826000-3fa2a25000 ---p 00026000 08:01 19005897                       /lib64/libexpat.so.1.5.2
3fa2a25000-3fa2a28000 rw-p 00025000 08:01 19005897                       /lib64/libexpat.so.1.5.2
3fa3400000-3fa3498000 r-xp 00000000 08:01 14560039                       /usr/lib64/libfreetype.so.6.3.22
3fa3498000-3fa3697000 ---p 00098000 08:01 14560039                       /usr/lib64/libfreetype.so.6.3.22
3fa3697000-3fa369d000 rw-p 00097000 08:01 14560039                       /usr/lib64/libfreetype.so.6.3.22
3fa3800000-3fa3809000 r-xp 00000000 08:01 14560042                       /usr/lib64/libXrender.so.1.3.0
3fa3809000-3fa3a09000 ---p 00009000 08:01 14560042                       /usr/lib64/libXrender.so.1.3.0
3fa3a09000-3fa3a0a000 rw-p 00009000 08:01 14560042                       /usr/lib64/libXrender.so.1.3.0
3fa4400000-3fa4434000 r-xp 00000000 08:01 14560040                       /usr/lib64/libfontconfig.so.1.4.4
3fa4434000-3fa4634000 ---p 00034000 08:01 14560040                       /usr/lib64/libfontconfig.so.1.4.4
3fa4634000-3fa4636000 rw-p 00034000 08:01 14560040                       /usr/lib64/libfontconfig.so.1.4.4
3fa4c00000-3fa4c0e000 r-xp 00000000 08:01 14560048                       /usr/lib64/libXi.so.6.1.0
3fa4c0e000-3fa4e0e000 ---p 0000e000 08:01 14560048                       /usr/lib64/libXi.so.6.1.0
3fa4e0e000-3fa4e0f000 rw-p 0000e000 08:01 14560048                       /usr/lib64/libXi.so.6.1.0
3fa5400000-3fa540a000 r-xp 00000000 08:01 14560049                       /usr/lib64/libXrandr.so.2.2.0
3fa540a000-3fa5609000 ---p 0000a000 08:01 14560049                       /usr/lib64/libXrandr.so.2.2.0
3fa5609000-3fa560a000 rw-p 00009000 08:01 14560049                       /usr/lib64/libXrandr.so.2.2.0
3fa5c00000-3fa5c05000 r-xp 00000000 08:01 14560050                       /usr/lib64/libXfixes.so.3.1.0
3fa5c05000-3fa5e05000 ---p 00005000 08:01 14560050                       /usr/lib64/libXfixes.so.3.1.0
3fa5e05000-3fa5e06000 rw-p 00005000 08:01 14560050                       /usr/lib64/libXfixes.so.3.1.0
3fa6400000-3fa6402000 r-xp 00000000 08:01 14560053                       /usr/lib64/libXdamage.so.1.1.0
3fa6402000-3fa6601000 ---p 00002000 08:01 14560053                       /usr/lib64/libXdamage.so.1.1.0
3fa6601000-3fa6602000 rw-p 00001000 08:01 14560053                       /usr/lib64/libXdamage.so.1.1.0
3fa6800000-3fa6809000 r-xp 00000000 08:01 14560051                       /usr/lib64/libXcursor.so.1.0.2
3fa6809000-3fa6a09000 ---p 00009000 08:01 14560051                       /usr/lib64/libXcursor.so.1.0.2
3fa6a09000-3fa6a0a000 rw-p 00009000 08:01 14560051                       /usr/lib64/libXcursor.so.1.0.2
3fa6c00000-3fa6c02000 r-xp 00000000 08:01 14560047                       /usr/lib64/libXinerama.so.1.0.0
3fa6c02000-3fa6e01000 ---p 00002000 08:01 14560047                       /usr/lib64/libXinerama.so.1.0.0
3fa6e01000-3fa6e02000 rw-p 00001000 08:01 14560047                       /usr/lib64/libXinerama.so.1.0.0
3fa7800000-3fa7802000 r-xp 00000000 08:01 14560052                       /usr/lib64/libXcomposite.so.1.0.0
3fa7802000-3fa7a01000 ---p 00002000 08:01 14560052                       /usr/lib64/libXcomposite.so.1.0.0
3fa7a01000-3fa7a02000 rw-p 00001000 08:01 14560052                       /usr/lib64/libXcomposite.so.1.0.0
3faa000000-3faa016000 r-xp 00000000 08:01 19005875                       /lib64/libgcc_s-4.4.6-20120305.so.1
3faa016000-3faa215000 ---p 00016000 08:01 19005875                       /lib64/libgcc_s-4.4.6-20120305.so.1
3faa215000-3faa216000 rw-p 00015000 08:01 19005875                       /lib64/libgcc_s-4.4.6-20120305.so.1
3fab800000-3fab8e8000 r-xp 00000000 08:01 14554652                       /usr/lib64/libstdc++.so.6.0.13
3fab8e8000-3fabae8000 ---p 000e8000 08:01 14554652                       /usr/lib64/libstdc++.so.6.0.13
3fabae8000-3fabaef000 r--p 000e8000 08:01 14554652                       /usr/lib64/libstdc++.so.6.0.13
3fabaef000-3fabaf1000 rw-p 000ef000 08:01 14554652                       /usr/lib64/libstdc++.so.6.0.13
3fabaf1000-3fabb06000 rw-p 00000000 00:00 0 
3faec00000-3faec16000 r-xp 00000000 08:01 19005765                       /lib64/libnsl-2.12.so
3faec16000-3faee15000 ---p 00016000 08:01 19005765                       /lib64/libnsl-2.12.so
3faee15000-3faee16000 r--p 00015000 08:01 19005765                       /lib64/libnsl-2.12.so
3faee16000-3faee17000 rw-p 00016000 08:01 19005765                       /lib64/libnsl-2.12.so
3faee17000-3faee19000 rw-p 00000000 00:00 0 
7ff1f4000000-7ff1f4021000 rw-p 00000000 00:00 0 
7ff1f4021000-7ff1f8000000 ---p 00000000 00:00 0 
7ff1f8000000-7ff1f8021000 rw-p 00000000 00:00 0 
7ff1f8021000-7ff1fc000000 ---p 00000000 00:00 0 
7ff1fc000000-7ff1fc147000 rw-p 00000000 00:00 0 
7ff1fc147000-7ff200000000 ---p 00000000 00:00 0 
7ff200000000-7ff200163000 rw-p 00000000 00:00 0 
7ff200163000-7ff204000000 ---p 00000000 00:00 0 
7ff204000000-7ff204021000 rw-p 00000000 00:00 0 
7ff204021000-7ff208000000 ---p 00000000 00:00 0 
7ff20a170000-7ff210000000 r--p 00000000 08:01 14554377                   /usr/lib/locale/locale-archive
7ff210000000-7ff210021000 rw-p 00000000 00:00 0 
7ff210021000-7ff214000000 ---p 00000000 00:00 0 
7ff214000000-7ff214021000 rw-p 00000000 00:00 0 
7ff214021000-7ff218000000 ---p 00000000 00:00 0 
7ff218000000-7ff218021000 rw-p 00000000 00:00 0 
7ff218021000-7ff21c000000 ---p 00000000 00:00 0 
7ff21c000000-7ff21c021000 rw-p 00000000 00:00 0 
7ff21c021000-7ff220000000 ---p 00000000 00:00 0 
7ff220000000-7ff220021000 rw-p 00000000 00:00 0 
7ff220021000-7ff224000000 ---p 00000000 00:00 0 
7ff228000000-7ff228021000 rw-p 00000000 00:00 0 
7ff228021000-7ff22c000000 ---p 00000000 00:00 0 
7ff230000000-7ff230021000 rw-p 00000000 00:00 0 
7ff230021000-7ff234000000 ---p 00000000 00:00 0 
7ff238000000-7ff238021000 rw-p 00000000 00:00 0 
7ff238021000-7ff23c000000 ---p 00000000 00:00 0 
7ff240000000-7ff240021000 rw-p 00000000 00:00 0 
7ff240021000-7ff244000000 ---p 00000000 00:00 0 
7ff248000000-7ff248021000 rw-p 00000000 00:00 0 
7ff248021000-7ff24c000000 ---p 00000000 00:00 0 
7ff24eecb000-7ff24eece000 r-xp 00000000 08:01 15206881                   /usr/lib64/gtk-2.0/2.10.0/loaders/libpixbufloader-bmp.so
7ff24eece000-7ff24f0ce000 ---p 00003000 08:01 15206881                   /usr/lib64/gtk-2.0/2.10.0/loaders/libpixbufloader-bmp.so
7ff24f0ce000-7ff24f0cf000 rw-p 00003000 08:01 15206881                   /usr/lib64/gtk-2.0/2.10.0/loaders/libpixbufloader-bmp.so
7ff24f0cf000-7ff24f0de000 r-xp 00000000 08:01 25165957                   /opt/epics/extensions/src/CSS_3.1.6/plugins/org.eclipse.equinox.launcher.gtk.linux.x86_64_1.1.100.v20110505/eclipse_1407.so
7ff24f0de000-7ff24f1dd000 ---p 0000f000 08:01 25165957                   /opt/epics/extensions/src/CSS_3.1.6/plugins/org.eclipse.equinox.launcher.gtk.linux.x86_64_1.1.100.v20110505/eclipse_1407.so
7ff24f1dd000-7ff24f1df000 rw-p 0000e000 08:01 25165957                   /opt/epics/extensions/src/CSS_3.1.6/plugins/org.eclipse.equinox.launcher.gtk.linux.x86_64_1.1.100.v20110505/eclipse_1407.so
7ff24f1df000-7ff24f1e1000 r--s 00013000 08:01 15338079                   /usr/lib/jvm/java-1.6.0-openjdk-1.6.0.0.x86_64/jre/lib/jce.jar
7ff24f1e1000-7ff24f1e5000 r--s 0003c000 08:01 15338081                   /usr/lib/jvm/java-1.6.0-openjdk-1.6.0.0.x86_64/jre/lib/jsse.jar
7ff24f1e5000-7ff24f1e8000 r--s 0000f000 08:01 15338041                   /usr/lib/jvm/java-1.6.0-openjdk-1.6.0.0.x86_64/jre/lib/ext/pulse-java.jar
7ff24f1e8000-7ff24f1f1000 r--s 00065000 08:01 15338038                   /usr/lib/jvm/java-1.6.0-openjdk-1.6.0.0.x86_64/jre/lib/ext/gnome-java-bridge.jar
7ff24f1f1000-7ff24f1f2000 r--s 0000b000 08:01 25041004                   /opt/epics/extensions/src/CSS_3.1.6/plugins/org.eclipse.equinox.launcher_1.2.0.v20110502.jar
7ff24f1f2000-7ff24f1f3000 ---p 00000000 00:00 0 
7ff24f1f3000-7ff24f2f3000 rw-p 00000000 00:00 0 
7ff24f2f3000-7ff24f2f6000 ---p 00000000 00:00 0 
7ff24f2f6000-7ff24f3f4000 rw-p 00000000 00:00 0 
7ff24f3f4000-7ff24f3f7000 ---p 00000000 00:00 0 
7ff24f3f7000-7ff24f4f5000 rw-p 00000000 00:00 0 
7ff24f4f5000-7ff24f4f8000 ---p 00000000 00:00 0 
7ff24f4f8000-7ff24f5f6000 rw-p 00000000 00:00 0 
7ff24f5f6000-7ff24f5f9000 ---p 00000000 00:00 0 
7ff24f5f9000-7ff24f6f7000 rw-p 00000000 00:00 0 
7ff24f6f7000-7ff24f6fa000 ---p 00000000 00:00 0 
7ff24f6fa000-7ff24f7f8000 rw-p 00000000 00:00 0 
7ff24f7f8000-7ff24f7fb000 ---p 00000000 00:00 0 
7ff24f7fb000-7ff24f8f9000 rw-p 00000000 00:00 0 
7ff24f8f9000-7ff24f8fa000 ---p 00000000 00:00 0 
7ff24f8fa000-7ff250000000 rw-p 00000000 00:00 0 
7ff250000000-7ff250021000 rw-p 00000000 00:00 0 
7ff250021000-7ff254000000 ---p 00000000 00:00 0 
7ff254009000-7ff2556cd000 rw-p 00000000 00:00 0 
7ff2556cd000-7ff255862000 r--s 01a09000 08:01 15338094                   /usr/lib/jvm/java-1.6.0-openjdk-1.6.0.0.x86_64/jre/lib/rt.jar
7ff255862000-7ff258562000 rw-p 00000000 00:00 0 
7ff258562000-7ff258563000 ---p 00000000 00:00 0 
7ff258563000-7ff258663000 rw-p 00000000 00:00 0 
7ff258663000-7ff258664000 ---p 00000000 00:00 0 
7ff258664000-7ff258764000 rw-p 00000000 00:00 0 
7ff258764000-7ff258765000 ---p 00000000 00:00 0 
7ff258765000-7ff258865000 rw-p 00000000 00:00 0 
7ff258865000-7ff258866000 ---p 00000000 00:00 0 
7ff258866000-7ff258966000 rw-p 00000000 00:00 0 
7ff258966000-7ff258967000 ---p 00000000 00:00 0 
7ff258967000-7ff258a67000 rw-p 00000000 00:00 0 
7ff258a67000-7ff258a68000 ---p 00000000 00:00 0 
7ff258a68000-7ff258b68000 rw-p 00000000 00:00 0 
7ff258b68000-7ff258b69000 ---p 00000000 00:00 0 
7ff258b69000-7ff258cbd000 rw-p 00000000 00:00 0 
7ff258cbd000-7ff258dbf000 rw-p 00000000 00:00 0 
7ff258dbf000-7ff258dca000 rw-p 00000000 00:00 0 
7ff258dca000-7ff258dff000 rw-p 00000000 00:00 0 
7ff258dff000-7ff258e53000 rw-p 00000000 00:00 0 
7ff258e53000-7ff258f54000 rw-p 00000000 00:00 0 
7ff258f54000-7ff258f7e000 rw-p 00000000 00:00 0 
7ff258f7e000-7ff258fff000 rw-p 00000000 00:00 0 
7ff258fff000-7ff259000000 rw-p 00000000 00:00 0 
7ff259000000-7ff259270000 rwxp 00000000 00:00 0 
7ff259270000-7ff25c289000 rw-p 00000000 00:00 0 
7ff25c289000-7ff260000000 ---p 00000000 00:00 0 
7ff260033000-7ff26005b000 rw-p 00000000 00:00 0 
7ff26005b000-7ff26005c000 ---p 00000000 00:00 0 
7ff26005c000-7ff260167000 rw-p 00000000 00:00 0 
7ff260167000-7ff26019c000 rw-p 00000000 00:00 0 
7ff26019c000-7ff2601a6000 rw-p 00000000 00:00 0 
7ff2601a6000-7ff26025c000 rw-p 00000000 00:00 0 
7ff26025c000-7ff260263000 r-xp 00000000 08:01 15338015                   /usr/lib/jvm/java-1.6.0-openjdk-1.6.0.0.x86_64/jre/lib/amd64/libzip.so
7ff260263000-7ff260463000 ---p 00007000 08:01 15338015                   /usr/lib/jvm/java-1.6.0-openjdk-1.6.0.0.x86_64/jre/lib/amd64/libzip.so
7ff260463000-7ff260464000 rw-p 00007000 08:01 15338015                   /usr/lib/jvm/java-1.6.0-openjdk-1.6.0.0.x86_64/jre/lib/amd64/libzip.so
7ff260464000-7ff260470000 r-xp 00000000 08:01 19005467                   /lib64/libnss_files-2.12.so
7ff260470000-7ff260670000 ---p 0000c000 08:01 19005467                   /lib64/libnss_files-2.12.so
7ff260670000-7ff260671000 r--p 0000c000 08:01 19005467                   /lib64/libnss_files-2.12.so
7ff260671000-7ff260672000 rw-p 0000d000 08:01 19005467                   /lib64/libnss_files-2.12.so
7ff26067a000-7ff260682000 rw-s 00000000 08:01 4194355                    /tmp/hsperfdata_bilal/14065
7ff260682000-7ff2606af000 r-xp 00000000 08:01 15337995                   /usr/lib/jvm/java-1.6.0-openjdk-1.6.0.0.x86_64/jre/lib/amd64/libjava.so
7ff2606af000-7ff2608ae000 ---p 0002d000 08:01 15337995                   /usr/lib/jvm/java-1.6.0-openjdk-1.6.0.0.x86_64/jre/lib/amd64/libjava.so
7ff2608ae000-7ff2608b2000 rw-p 0002c000 08:01 15337995                   /usr/lib/jvm/java-1.6.0-openjdk-1.6.0.0.x86_64/jre/lib/amd64/libjava.so
7ff2608b2000-7ff2608c0000 r-xp 00000000 08:01 15338014                   /usr/lib/jvm/java-1.6.0-openjdk-1.6.0.0.x86_64/jre/lib/amd64/libverify.so
7ff2608c0000-7ff260ac0000 ---p 0000e000 08:01 15338014                   /usr/lib/jvm/java-1.6.0-openjdk-1.6.0.0.x86_64/jre/lib/amd64/libverify.so
7ff260ac0000-7ff260ac2000 rw-p 0000e000 08:01 15338014                   /usr/lib/jvm/java-1.6.0-openjdk-1.6.0.0.x86_64/jre/lib/amd64/libverify.so
7ff260ac2000-7ff2614cd000 r-xp 00000000 08:01 15338020                   /usr/lib/jvm/java-1.6.0-openjdk-1.6.0.0.x86_64/jre/lib/amd64/server/libjvm.so
7ff2614cd000-7ff2616cd000 ---p 00a0b000 08:01 15338020                   /usr/lib/jvm/java-1.6.0-openjdk-1.6.0.0.x86_64/jre/lib/amd64/server/libjvm.so
7ff2616cd000-7ff26176e000 rw-p 00a0b000 08:01 15338020                   /usr/lib/jvm/java-1.6.0-openjdk-1.6.0.0.x86_64/jre/lib/amd64/server/libjvm.so
7ff26176e000-7ff26179c000 rw-p 00000000 00:00 0 
7ff2617aa000-7ff2617ab000 rw-p 00000000 00:00 0 
7ff2617ab000-7ff2617ac000 r--p 00000000 00:00 0 
7ff2617ac000-7ff2617ad000 rw-p 00000000 00:00 0 
7ff2617ad000-7ff2617b0000 ---p 00000000 00:00 0 
7ff2617b0000-7ff2618ae000 rw-p 00000000 00:00 0 
7fffcfab3000-7fffcfaea000 rw-p 00000000 00:00 0                          [stack]
7fffcfb5e000-7fffcfb5f000 r-xp 00000000 00:00 0                          [vdso]
ffffffffff600000-ffffffffff601000 r-xp 00000000 00:00 0                  [vsyscall]

VM Arguments:
jvm_args: -Xmx1024m -XX:MaxPermSize=128M -Dorg.apache.commons.logging.Log=org.apache.commons.logging.impl.SimpleLog -Dorg.apache.commons.logging.simplelog.defaultlog=fatal -Dpython.cachedir.skip=true -Declipse.p2.unsignedPolicy=allow 
java_command: /opt/epics/extensions/src/CSS_3.1.6//plugins/org.eclipse.equinox.launcher_1.2.0.v20110502.jar -os linux -ws gtk -arch x86_64 -showsplash -launcher /opt/epics/extensions/src/CSS_3.1.6/css -name Css --launcher.library /opt/epics/extensions/src/CSS_3.1.6//plugins/org.eclipse.equinox.launcher.gtk.linux.x86_64_1.1.100.v20110505/eclipse_1407.so -startup /opt/epics/extensions/src/CSS_3.1.6//plugins/org.eclipse.equinox.launcher_1.2.0.v20110502.jar --launcher.overrideVmargs -exitdata 16060005 -vm /usr/bin/java -vmargs -Xmx1024m -XX:MaxPermSize=128M -Dorg.apache.commons.logging.Log=org.apache.commons.logging.impl.SimpleLog -Dorg.apache.commons.logging.simplelog.defaultlog=fatal -Dpython.cachedir.skip=true -Declipse.p2.unsignedPolicy=allow -jar /opt/epics/extensions/src/CSS_3.1.6//plugins/org.eclipse.equinox.launcher_1.2.0.v20110502.jar
Launcher Type: SUN_STANDARD

Environment Variables:
PATH=/usr/lib64/qt-3.3/bin:/usr/local/bin:/bin:/usr/bin:/usr/local/sbin:/usr/sbin:/sbin:/opt/epics/base/bin/linux-x86_64:/opt/epics/extensions/bin/linux-x86_64:/opt/epics/extensions/src/CSS_3.1.6/:/home/bilal/bin
LD_LIBRARY_PATH=/usr/lib/jvm/java-1.6.0-openjdk-1.6.0.0.x86_64/jre/lib/amd64/server:/usr/lib/jvm/java-1.6.0-openjdk-1.6.0.0.x86_64/jre/lib/amd64:/usr/lib/jvm/java-1.6.0-openjdk-1.6.0.0.x86_64/jre/../lib/amd64
SHELL=/bin/bash

Signal Handlers:
SIGSEGV: [libjvm.so+0x8706f0], sa_mask[0]=0x7ffbfeff, sa_flags=0x10000004
SIGBUS: [libjvm.so+0x8706f0], sa_mask[0]=0x7ffbfeff, sa_flags=0x10000004
SIGFPE: [libjvm.so+0x719020], sa_mask[0]=0x7ffbfeff, sa_flags=0x10000004
SIGPIPE: SIG_IGN, sa_mask[0]=0x00001000, sa_flags=0x10000000
SIGXFSZ: [libjvm.so+0x719020], sa_mask[0]=0x7ffbfeff, sa_flags=0x10000004
SIGILL: [libjvm.so+0x719020], sa_mask[0]=0x7ffbfeff, sa_flags=0x10000004
SIGUSR1: SIG_DFL, sa_mask[0]=0x00000000, sa_flags=0x00000000
SIGUSR2: [libjvm.so+0x718b40], sa_mask[0]=0x00000000, sa_flags=0x10000004
SIGHUP: [libjvm.so+0x71bbd0], sa_mask[0]=0x7ffbfeff, sa_flags=0x10000004
SIGINT: [libjvm.so+0x71bbd0], sa_mask[0]=0x7ffbfeff, sa_flags=0x10000004
SIGTERM: [libjvm.so+0x71bbd0], sa_mask[0]=0x7ffbfeff, sa_flags=0x10000004
SIGQUIT: [libjvm.so+0x71bbd0], sa_mask[0]=0x7ffbfeff, sa_flags=0x10000004


---------------  S Y S T E M  ---------------

OS:Scientific Linux release 6.3 (Carbon)

uname:Linux 2.6.32-358.14.1.el6.x86_64 #1 SMP Tue Jul 16 14:24:33 CDT 2013 x86_64
libc:glibc 2.12 NPTL 2.12 
rlimit: STACK 10240k, CORE 0k, NPROC 1024, NOFILE 4096, AS infinity
load average:0.02 0.01 0.00

/proc/meminfo:
MemTotal:       16324204 kB
MemFree:          423840 kB
Buffers:          347884 kB
Cached:         13811960 kB
SwapCached:         2432 kB
Active:          7213644 kB
Inactive:        7844736 kB
Active(anon):     285540 kB
Inactive(anon):   620860 kB
Active(file):    6928104 kB
Inactive(file):  7223876 kB
Unevictable:           0 kB
Mlocked:               0 kB
SwapTotal:      20479992 kB
SwapFree:       20470456 kB
Dirty:                32 kB
Writeback:             4 kB
AnonPages:        885944 kB
Mapped:            91440 kB
Shmem:              8092 kB
Slab:             644716 kB
SReclaimable:     550932 kB
SUnreclaim:        93784 kB
KernelStack:        3784 kB
PageTables:        38608 kB
NFS_Unstable:          0 kB
Bounce:                0 kB
WritebackTmp:          0 kB
CommitLimit:    28642092 kB
Committed_AS:    1941660 kB
VmallocTotal:   34359738367 kB
VmallocUsed:       59920 kB
VmallocChunk:   34350771696 kB
HardwareCorrupted:     0 kB
AnonHugePages:    604160 kB
HugePages_Total:       0
HugePages_Free:        0
HugePages_Rsvd:        0
HugePages_Surp:        0
Hugepagesize:       2048 kB
DirectMap4k:        4800 kB
DirectMap2M:     2082816 kB
DirectMap1G:    14680064 kB


CPU:total 8 (4 cores per cpu, 1 threads per core) family 6 model 44 stepping 2, cmov, cx8, fxsr, mmx, sse, sse2, sse3, ssse3, sse4.1, sse4.2, popcnt, tsc, tscinvbit, tscinv

/proc/cpuinfo:
processor	: 0
vendor_id	: GenuineIntel
cpu family	: 6
model		: 44
model name	: Intel(R) Xeon(R) CPU           E5606  @ 2.13GHz
stepping	: 2
cpu MHz		: 1197.000
cache size	: 8192 KB
physical id	: 0
siblings	: 4
core id		: 0
cpu cores	: 4
apicid		: 0
initial apicid	: 0
fpu		: yes
fpu_exception	: yes
cpuid level	: 11
wp		: yes
flags		: fpu vme de pse tsc msr pae mce cx8 apic sep mtrr pge mca cmov pat pse36 clflush dts acpi mmx fxsr sse sse2 ss ht tm pbe syscall nx pdpe1gb rdtscp lm constant_tsc arch_perfmon pebs bts rep_good xtopology nonstop_tsc aperfmperf pni pclmulqdq dtes64 monitor ds_cpl vmx smx est tm2 ssse3 cx16 xtpr pdcm pcid dca sse4_1 sse4_2 popcnt aes lahf_lm arat epb dts tpr_shadow vnmi flexpriority ept vpid
bogomips	: 4266.61
clflush size	: 64
cache_alignment	: 64
address sizes	: 40 bits physical, 48 bits virtual
power management:

processor	: 1
vendor_id	: GenuineIntel
cpu family	: 6
model		: 44
model name	: Intel(R) Xeon(R) CPU           E5606  @ 2.13GHz
stepping	: 2
cpu MHz		: 1197.000
cache size	: 8192 KB
physical id	: 0
siblings	: 4
core id		: 8
cpu cores	: 4
apicid		: 16
initial apicid	: 16
fpu		: yes
fpu_exception	: yes
cpuid level	: 11
wp		: yes
flags		: fpu vme de pse tsc msr pae mce cx8 apic sep mtrr pge mca cmov pat pse36 clflush dts acpi mmx fxsr sse sse2 ss ht tm pbe syscall nx pdpe1gb rdtscp lm constant_tsc arch_perfmon pebs bts rep_good xtopology nonstop_tsc aperfmperf pni pclmulqdq dtes64 monitor ds_cpl vmx smx est tm2 ssse3 cx16 xtpr pdcm pcid dca sse4_1 sse4_2 popcnt aes lahf_lm arat epb dts tpr_shadow vnmi flexpriority ept vpid
bogomips	: 4266.61
clflush size	: 64
cache_alignment	: 64
address sizes	: 40 bits physical, 48 bits virtual
power management:

processor	: 2
vendor_id	: GenuineIntel
cpu family	: 6
model		: 44
model name	: Intel(R) Xeon(R) CPU           E5606  @ 2.13GHz
stepping	: 2
cpu MHz		: 1197.000
cache size	: 8192 KB
physical id	: 0
siblings	: 4
core id		: 9
cpu cores	: 4
apicid		: 18
initial apicid	: 18
fpu		: yes
fpu_exception	: yes
cpuid level	: 11
wp		: yes
flags		: fpu vme de pse tsc msr pae mce cx8 apic sep mtrr pge mca cmov pat pse36 clflush dts acpi mmx fxsr sse sse2 ss ht tm pbe syscall nx pdpe1gb rdtscp lm constant_tsc arch_perfmon pebs bts rep_good xtopology nonstop_tsc aperfmperf pni pclmulqdq dtes64 monitor ds_cpl vmx smx est tm2 ssse3 cx16 xtpr pdcm pcid dca sse4_1 sse4_2 popcnt aes lahf_lm arat epb dts tpr_shadow vnmi flexpriority ept vpid
bogomips	: 4266.61
clflush size	: 64
cache_alignment	: 64
address sizes	: 40 bits physical, 48 bits virtual
power management:

processor	: 3
vendor_id	: GenuineIntel
cpu family	: 6
model		: 44
model name	: Intel(R) Xeon(R) CPU           E5606  @ 2.13GHz
stepping	: 2
cpu MHz		: 1197.000
cache size	: 8192 KB
physical id	: 0
siblings	: 4
core id		: 10
cpu cores	: 4
apicid		: 20
initial apicid	: 20
fpu		: yes
fpu_exception	: yes
cpuid level	: 11
wp		: yes
flags		: fpu vme de pse tsc msr pae mce cx8 apic sep mtrr pge mca cmov pat pse36 clflush dts acpi mmx fxsr sse sse2 ss ht tm pbe syscall nx pdpe1gb rdtscp lm constant_tsc arch_perfmon pebs bts rep_good xtopology nonstop_tsc aperfmperf pni pclmulqdq dtes64 monitor ds_cpl vmx smx est tm2 ssse3 cx16 xtpr pdcm pcid dca sse4_1 sse4_2 popcnt aes lahf_lm arat epb dts tpr_shadow vnmi flexpriority ept vpid
bogomips	: 4266.61
clflush size	: 64
cache_alignment	: 64
address sizes	: 40 bits physical, 48 bits virtual
power management:

processor	: 4
vendor_id	: GenuineIntel
cpu family	: 6
model		: 44
model name	: Intel(R) Xeon(R) CPU           E5606  @ 2.13GHz
stepping	: 2
cpu MHz		: 1197.000
cache size	: 8192 KB
physical id	: 1
siblings	: 4
core id		: 0
cpu cores	: 4
apicid		: 32
initial apicid	: 32
fpu		: yes
fpu_exception	: yes
cpuid level	: 11
wp		: yes
flags		: fpu vme de pse tsc msr pae mce cx8 apic sep mtrr pge mca cmov pat pse36 clflush dts acpi mmx fxsr sse sse2 ss ht tm pbe syscall nx pdpe1gb rdtscp lm constant_tsc arch_perfmon pebs bts rep_good xtopology nonstop_tsc aperfmperf pni pclmulqdq dtes64 monitor ds_cpl vmx smx est tm2 ssse3 cx16 xtpr pdcm pcid dca sse4_1 sse4_2 popcnt aes lahf_lm arat epb dts tpr_shadow vnmi flexpriority ept vpid
bogomips	: 4266.59
clflush size	: 64
cache_alignment	: 64
address sizes	: 40 bits physical, 48 bits virtual
power management:

processor	: 5
vendor_id	: GenuineIntel
cpu family	: 6
model		: 44
model name	: Intel(R) Xeon(R) CPU           E5606  @ 2.13GHz
stepping	: 2
cpu MHz		: 2128.000
cache size	: 8192 KB
physical id	: 1
siblings	: 4
core id		: 8
cpu cores	: 4
apicid		: 48
initial apicid	: 48
fpu		: yes
fpu_exception	: yes
cpuid level	: 11
wp		: yes
flags		: fpu vme de pse tsc msr pae mce cx8 apic sep mtrr pge mca cmov pat pse36 clflush dts acpi mmx fxsr sse sse2 ss ht tm pbe syscall nx pdpe1gb rdtscp lm constant_tsc arch_perfmon pebs bts rep_good xtopology nonstop_tsc aperfmperf pni pclmulqdq dtes64 monitor ds_cpl vmx smx est tm2 ssse3 cx16 xtpr pdcm pcid dca sse4_1 sse4_2 popcnt aes lahf_lm arat epb dts tpr_shadow vnmi flexpriority ept vpid
bogomips	: 4266.59
clflush size	: 64
cache_alignment	: 64
address sizes	: 40 bits physical, 48 bits virtual
power management:

processor	: 6
vendor_id	: GenuineIntel
cpu family	: 6
model		: 44
model name	: Intel(R) Xeon(R) CPU           E5606  @ 2.13GHz
stepping	: 2
cpu MHz		: 1197.000
cache size	: 8192 KB
physical id	: 1
siblings	: 4
core id		: 9
cpu cores	: 4
apicid		: 50
initial apicid	: 50
fpu		: yes
fpu_exception	: yes
cpuid level	: 11
wp		: yes
flags		: fpu vme de pse tsc msr pae mce cx8 apic sep mtrr pge mca cmov pat pse36 clflush dts acpi mmx fxsr sse sse2 ss ht tm pbe syscall nx pdpe1gb rdtscp lm constant_tsc arch_perfmon pebs bts rep_good xtopology nonstop_tsc aperfmperf pni pclmulqdq dtes64 monitor ds_cpl vmx smx est tm2 ssse3 cx16 xtpr pdcm pcid dca sse4_1 sse4_2 popcnt aes lahf_lm arat epb dts tpr_shadow vnmi flexpriority ept vpid
bogomips	: 4266.59
clflush size	: 64
cache_alignment	: 64
address sizes	: 40 bits physical, 48 bits virtual
power management:

processor	: 7
vendor_id	: GenuineIntel
cpu family	: 6
model		: 44
model name	: Intel(R) Xeon(R) CPU           E5606  @ 2.13GHz
stepping	: 2
cpu MHz		: 1197.000
cache size	: 8192 KB
physical id	: 1
siblings	: 4
core id		: 10
cpu cores	: 4
apicid		: 52
initial apicid	: 52
fpu		: yes
fpu_exception	: yes
cpuid level	: 11
wp		: yes
flags		: fpu vme de pse tsc msr pae mce cx8 apic sep mtrr pge mca cmov pat pse36 clflush dts acpi mmx fxsr sse sse2 ss ht tm pbe syscall nx pdpe1gb rdtscp lm constant_tsc arch_perfmon pebs bts rep_good xtopology nonstop_tsc aperfmperf pni pclmulqdq dtes64 monitor ds_cpl vmx smx est tm2 ssse3 cx16 xtpr pdcm pcid dca sse4_1 sse4_2 popcnt aes lahf_lm arat epb dts tpr_shadow vnmi flexpriority ept vpid
bogomips	: 4266.59
clflush size	: 64
cache_alignment	: 64
address sizes	: 40 bits physical, 48 bits virtual
power management:



Memory: 4k page, physical 16324204k(423840k free), swap 20479992k(20470456k free)

vm_info: OpenJDK 64-Bit Server VM (23.25-b01) for linux-amd64 JRE (1.6.0_30-b30), built on Jan 27 2014 14:15:33 by "mockbuild" with gcc 4.4.7 20120313 (Red Hat 4.4.7-3)

time: Mon Feb 10 15:02:07 2014
elapsed time: 0 seconds

